04/29/25 20:17:01: Running xcd server. This server was built by gradle.
04/29/25 20:17:01: Server was asked to start on port: '50169'
04/29/25 20:17:01: Server is using token UUID: '6ea7a1c9-2558-11f0-b347-30f6efe4ea61'
04/29/25 20:17:01: SESSION_MGR: creating session with session uuid: '6d04a3e9-ade5-4ab9-8d63-1f78fcd2ec76' and name 'default'
04/29/25 20:17:01: Attempting to start server on port '50169'
04/29/25 20:17:01: Running Dispatch Server
04/29/25 20:17:01: Version 2.2.0
04/29/25 20:17:01: Dispatch Server: Accepted socket connection from client
04/29/25 20:17:01: Starting Socket connection
04/29/25 20:17:01: EXCHANGE_TOKEN received, server token: 6ea7a1c9-2558-11f0-b347-30f6efe4ea61, passed token: 6ea7a1c9-2558-11f0-b347-30f6efe4ea61
04/29/25 20:17:01: SESSION_MGR: creating session with session uuid: '0aa72d96-368a-49c3-8169-50ef67b054da' and name 'Code Analyzer'
04/29/25 20:17:01: KERNEL_SVC: creating session with uuid: '0aa72d96-368a-49c3-8169-50ef67b054da' and name 'Code Analyzer'
04/29/25 20:17:01: GUIDANCE_SMGR: creating guidance session with uuid: '0aa72d96-368a-49c3-8169-50ef67b054da' and name 'Code Analyzer'
04/29/25 20:17:05: SESSION_MGR: closing session for UUID '0aa72d96-368a-49c3-8169-50ef67b054da' with name ''
04/29/25 20:17:05: KERNEL_SVC: closing session for UUID '0aa72d96-368a-49c3-8169-50ef67b054da' with name ''
04/29/25 20:17:05: GUIDANCE_SMGR: closing session for UUID '0aa72d96-368a-49c3-8169-50ef67b054da' with name ''
04/29/25 20:17:05: STOP_SERVER received, server token: 6ea7a1c9-2558-11f0-b347-30f6efe4ea61, passed token: 6ea7a1c9-2558-11f0-b347-30f6efe4ea61
04/29/25 20:17:05: Socket received request to stop server.
04/29/25 20:17:05: Dispatch Server: do_await_stop
04/29/25 20:17:05: SERVER: destructor for server bound to port 50169
04/29/25 20:17:05: Server exiting with status 0.
04/29/25 20:17:05: Closing log file.
04/29/25 20:49:07: Running xcd server. This server was built by gradle.
04/29/25 20:49:07: Server was asked to start on port: '59814'
04/29/25 20:49:07: Server is using token UUID: 'eb5a090e-255c-11f0-811a-30f6efe4ea61'
04/29/25 20:49:07: SESSION_MGR: creating session with session uuid: '6d04a3e9-ade5-4ab9-8d63-1f78fcd2ec76' and name 'default'
04/29/25 20:49:07: Attempting to start server on port '59814'
04/29/25 20:49:07: Running Dispatch Server
04/29/25 20:49:07: Version 2.2.0
04/29/25 20:49:07: Dispatch Server: Accepted socket connection from client
04/29/25 20:49:07: Starting Socket connection
04/29/25 20:49:07: EXCHANGE_TOKEN received, server token: eb5a090e-255c-11f0-811a-30f6efe4ea61, passed token: eb5a090e-255c-11f0-811a-30f6efe4ea61
04/29/25 20:49:07: SESSION_MGR: creating session with session uuid: '20e1d503-7ba3-469b-9d63-55ba9ef38db4' and name 'Code Analyzer'
04/29/25 20:49:07: KERNEL_SVC: creating session with uuid: '20e1d503-7ba3-469b-9d63-55ba9ef38db4' and name 'Code Analyzer'
04/29/25 20:49:07: GUIDANCE_SMGR: creating guidance session with uuid: '20e1d503-7ba3-469b-9d63-55ba9ef38db4' and name 'Code Analyzer'
04/29/25 20:49:08: SESSION_MGR: closing session for UUID '20e1d503-7ba3-469b-9d63-55ba9ef38db4' with name ''
04/29/25 20:49:08: KERNEL_SVC: closing session for UUID '20e1d503-7ba3-469b-9d63-55ba9ef38db4' with name ''
04/29/25 20:49:08: GUIDANCE_SMGR: closing session for UUID '20e1d503-7ba3-469b-9d63-55ba9ef38db4' with name ''
04/29/25 20:49:08: STOP_SERVER received, server token: eb5a090e-255c-11f0-811a-30f6efe4ea61, passed token: eb5a090e-255c-11f0-811a-30f6efe4ea61
04/29/25 20:49:08: Socket received request to stop server.
04/29/25 20:49:08: Dispatch Server: do_await_stop
04/29/25 20:49:08: SERVER: destructor for server bound to port 59814
04/29/25 20:49:08: Server exiting with status 0.
04/29/25 20:49:08: Closing log file.
05/01/25 14:00:32: Running xcd server. This server was built by gradle.
05/01/25 14:00:32: Server was asked to start on port: '60286'
05/01/25 14:00:32: Server is using token UUID: '2bf23b53-26b6-11f0-aab9-8cb87eee7f77'
05/01/25 14:00:32: SESSION_MGR: creating session with session uuid: '6d04a3e9-ade5-4ab9-8d63-1f78fcd2ec76' and name 'default'
05/01/25 14:00:32: Attempting to start server on port '60286'
05/01/25 14:00:32: Running Dispatch Server
05/01/25 14:00:32: Version 2.2.0
05/01/25 14:00:32: Dispatch Server: Accepted socket connection from client
05/01/25 14:00:32: Starting Socket connection
05/01/25 14:00:32: EXCHANGE_TOKEN received, server token: 2bf23b53-26b6-11f0-aab9-8cb87eee7f77, passed token: 2bf23b53-26b6-11f0-aab9-8cb87eee7f77
05/01/25 14:00:32: SESSION_MGR: creating session with session uuid: 'd771c7a6-6182-4602-8c66-c7d257948820' and name 'Code Analyzer'
05/01/25 14:00:32: KERNEL_SVC: creating session with uuid: 'd771c7a6-6182-4602-8c66-c7d257948820' and name 'Code Analyzer'
05/01/25 14:00:32: GUIDANCE_SMGR: creating guidance session with uuid: 'd771c7a6-6182-4602-8c66-c7d257948820' and name 'Code Analyzer'
05/01/25 14:01:44: Running xcd server. This server was built by gradle.
05/01/25 14:01:44: Server was asked to start on port: '50341'
05/01/25 14:01:44: Server is using token UUID: '56effd15-26b6-11f0-8af0-8cb87eee7f77'
05/01/25 14:01:44: SESSION_MGR: creating session with session uuid: '6d04a3e9-ade5-4ab9-8d63-1f78fcd2ec76' and name 'default'
05/01/25 14:01:44: Attempting to start server on port '50341'
05/01/25 14:01:44: Running Dispatch Server
05/01/25 14:01:44: Version 2.2.0
05/01/25 14:01:44: Dispatch Server: Accepted socket connection from client
05/01/25 14:01:44: Starting Socket connection
05/01/25 14:01:44: EXCHANGE_TOKEN received, server token: 56effd15-26b6-11f0-8af0-8cb87eee7f77, passed token: 56effd15-26b6-11f0-8af0-8cb87eee7f77
05/01/25 14:01:44: SESSION_MGR: creating session with session uuid: '250e5a78-310a-4227-8036-0663c226a679' and name 'Code Analyzer'
05/01/25 14:01:44: KERNEL_SVC: creating session with uuid: '250e5a78-310a-4227-8036-0663c226a679' and name 'Code Analyzer'
05/01/25 14:01:44: GUIDANCE_SMGR: creating guidance session with uuid: '250e5a78-310a-4227-8036-0663c226a679' and name 'Code Analyzer'
05/01/25 14:01:46: SESSION_MGR: closing session for UUID '250e5a78-310a-4227-8036-0663c226a679' with name ''
05/01/25 14:01:46: KERNEL_SVC: closing session for UUID '250e5a78-310a-4227-8036-0663c226a679' with name ''
05/01/25 14:01:46: GUIDANCE_SMGR: closing session for UUID '250e5a78-310a-4227-8036-0663c226a679' with name ''
05/01/25 14:01:46: STOP_SERVER received, server token: 56effd15-26b6-11f0-8af0-8cb87eee7f77, passed token: 56effd15-26b6-11f0-8af0-8cb87eee7f77
05/01/25 14:01:46: Socket received request to stop server.
05/01/25 14:01:46: Dispatch Server: do_await_stop
05/01/25 14:01:46: SERVER: destructor for server bound to port 50341
05/01/25 14:01:46: Server exiting with status 0.
05/01/25 14:01:46: Closing log file.
05/01/25 14:02:25: Running xcd server. This server was built by gradle.
05/01/25 14:02:25: Server was asked to start on port: '54347'
05/01/25 14:02:25: Server is using token UUID: '6fa4ce57-26b6-11f0-8ac3-8cb87eee7f77'
05/01/25 14:02:25: SESSION_MGR: creating session with session uuid: '6d04a3e9-ade5-4ab9-8d63-1f78fcd2ec76' and name 'default'
05/01/25 14:02:25: Attempting to start server on port '54347'
05/01/25 14:02:25: Running Dispatch Server
05/01/25 14:02:25: Version 2.2.0
05/01/25 14:02:26: Dispatch Server: Accepted socket connection from client
05/01/25 14:02:26: Starting Socket connection
05/01/25 14:02:26: EXCHANGE_TOKEN received, server token: 6fa4ce57-26b6-11f0-8ac3-8cb87eee7f77, passed token: 6fa4ce57-26b6-11f0-8ac3-8cb87eee7f77
05/01/25 14:02:26: SESSION_MGR: creating session with session uuid: '43f76e3d-2286-42aa-a44f-f0fb5c669b5c' and name 'Code Analyzer'
05/01/25 14:02:26: KERNEL_SVC: creating session with uuid: '43f76e3d-2286-42aa-a44f-f0fb5c669b5c' and name 'Code Analyzer'
05/01/25 14:02:26: GUIDANCE_SMGR: creating guidance session with uuid: '43f76e3d-2286-42aa-a44f-f0fb5c669b5c' and name 'Code Analyzer'
05/01/25 14:02:26: SESSION_MGR: closing session for UUID '43f76e3d-2286-42aa-a44f-f0fb5c669b5c' with name ''
05/01/25 14:02:26: KERNEL_SVC: closing session for UUID '43f76e3d-2286-42aa-a44f-f0fb5c669b5c' with name ''
05/01/25 14:02:26: GUIDANCE_SMGR: closing session for UUID '43f76e3d-2286-42aa-a44f-f0fb5c669b5c' with name ''
05/01/25 14:02:26: STOP_SERVER received, server token: 6fa4ce57-26b6-11f0-8ac3-8cb87eee7f77, passed token: 6fa4ce57-26b6-11f0-8ac3-8cb87eee7f77
05/01/25 14:02:26: Socket received request to stop server.
05/01/25 14:02:26: Dispatch Server: do_await_stop
05/01/25 14:02:26: SERVER: destructor for server bound to port 54347
05/01/25 14:02:26: Server exiting with status 0.
05/01/25 14:02:26: Closing log file.
05/01/25 14:02:56: Running xcd server. This server was built by gradle.
05/01/25 14:02:56: Server was asked to start on port: '54393'
05/01/25 14:02:56: Server is using token UUID: '81bef66d-26b6-11f0-b065-8cb87eee7f77'
05/01/25 14:02:56: SESSION_MGR: creating session with session uuid: '6d04a3e9-ade5-4ab9-8d63-1f78fcd2ec76' and name 'default'
05/01/25 14:02:56: Attempting to start server on port '54393'
05/01/25 14:02:56: Running Dispatch Server
05/01/25 14:02:56: Version 2.2.0
05/01/25 14:02:56: Dispatch Server: Accepted socket connection from client
05/01/25 14:02:56: Starting Socket connection
05/01/25 14:02:56: EXCHANGE_TOKEN received, server token: 81bef66d-26b6-11f0-b065-8cb87eee7f77, passed token: 81bef66d-26b6-11f0-b065-8cb87eee7f77
05/01/25 14:02:56: SESSION_MGR: creating session with session uuid: '0487da5b-3721-497c-860b-98293a063de0' and name 'Code Analyzer'
05/01/25 14:02:56: KERNEL_SVC: creating session with uuid: '0487da5b-3721-497c-860b-98293a063de0' and name 'Code Analyzer'
05/01/25 14:02:56: GUIDANCE_SMGR: creating guidance session with uuid: '0487da5b-3721-497c-860b-98293a063de0' and name 'Code Analyzer'
05/01/25 14:02:56: SESSION_MGR: closing session for UUID '0487da5b-3721-497c-860b-98293a063de0' with name ''
05/01/25 14:02:56: KERNEL_SVC: closing session for UUID '0487da5b-3721-497c-860b-98293a063de0' with name ''
05/01/25 14:02:56: GUIDANCE_SMGR: closing session for UUID '0487da5b-3721-497c-860b-98293a063de0' with name ''
05/01/25 14:02:56: STOP_SERVER received, server token: 81bef66d-26b6-11f0-b065-8cb87eee7f77, passed token: 81bef66d-26b6-11f0-b065-8cb87eee7f77
05/01/25 14:02:56: Socket received request to stop server.
05/01/25 14:02:56: Dispatch Server: do_await_stop
05/01/25 14:02:56: SERVER: destructor for server bound to port 54393
05/01/25 14:02:56: Server exiting with status 0.
05/01/25 14:02:56: Closing log file.
05/01/25 15:00:32: Dispatch Server timeout; shutting down.
05/01/25 15:00:32: Dispatch Server: do_await_stop
05/01/25 15:00:32: SERVER: destructor for server bound to port 60286
05/01/25 15:00:32: Server exiting with status 0.
05/01/25 15:00:32: Closing log file.
05/02/25 00:52:45: Running xcd server. This server was built by gradle.
05/02/25 00:52:45: Server was asked to start on port: '51732'
05/02/25 00:52:45: Server is using token UUID: '494813c3-2711-11f0-86ab-8cb87eee7f77'
05/02/25 00:52:45: SESSION_MGR: creating session with session uuid: '6d04a3e9-ade5-4ab9-8d63-1f78fcd2ec76' and name 'default'
05/02/25 00:52:45: Attempting to start server on port '51732'
05/02/25 00:52:45: Running Dispatch Server
05/02/25 00:52:45: Version 2.2.0
05/02/25 00:52:46: Dispatch Server: Accepted socket connection from client
05/02/25 00:52:46: Starting Socket connection
05/02/25 00:52:46: EXCHANGE_TOKEN received, server token: 494813c3-2711-11f0-86ab-8cb87eee7f77, passed token: 494813c3-2711-11f0-86ab-8cb87eee7f77
05/02/25 00:52:46: SESSION_MGR: creating session with session uuid: '37e9d3db-85fc-4b0e-8b2f-481148093332' and name 'Code Analyzer'
05/02/25 00:52:46: KERNEL_SVC: creating session with uuid: '37e9d3db-85fc-4b0e-8b2f-481148093332' and name 'Code Analyzer'
05/02/25 00:52:46: GUIDANCE_SMGR: creating guidance session with uuid: '37e9d3db-85fc-4b0e-8b2f-481148093332' and name 'Code Analyzer'
05/02/25 00:52:46: SESSION_MGR: closing session for UUID '37e9d3db-85fc-4b0e-8b2f-481148093332' with name ''
05/02/25 00:52:46: KERNEL_SVC: closing session for UUID '37e9d3db-85fc-4b0e-8b2f-481148093332' with name ''
05/02/25 00:52:46: GUIDANCE_SMGR: closing session for UUID '37e9d3db-85fc-4b0e-8b2f-481148093332' with name ''
05/02/25 00:52:46: STOP_SERVER received, server token: 494813c3-2711-11f0-86ab-8cb87eee7f77, passed token: 494813c3-2711-11f0-86ab-8cb87eee7f77
05/02/25 00:52:46: Socket received request to stop server.
05/02/25 00:52:46: Dispatch Server: do_await_stop
05/02/25 00:52:46: SERVER: destructor for server bound to port 51732
05/02/25 00:52:46: Server exiting with status 0.
05/02/25 00:52:46: Closing log file.
05/04/25 19:38:23: Running xcd server. This server was built by gradle.
05/04/25 19:38:23: Server was asked to start on port: '51614'
05/04/25 19:38:23: Server is using token UUID: 'de028218-2940-11f0-81fc-8cb87eee7f77'
05/04/25 19:38:23: SESSION_MGR: creating session with session uuid: '6d04a3e9-ade5-4ab9-8d63-1f78fcd2ec76' and name 'default'
05/04/25 19:38:23: Attempting to start server on port '51614'
05/04/25 19:38:23: Running Dispatch Server
05/04/25 19:38:23: Version 2.2.0
05/04/25 19:38:24: Dispatch Server: Accepted socket connection from client
05/04/25 19:38:24: Starting Socket connection
05/04/25 19:38:24: EXCHANGE_TOKEN received, server token: de028218-2940-11f0-81fc-8cb87eee7f77, passed token: de028218-2940-11f0-81fc-8cb87eee7f77
05/04/25 19:38:24: SESSION_MGR: creating session with session uuid: 'dec25241-25d0-47bb-9489-2103d239bf64' and name 'Code Analyzer'
05/04/25 19:38:24: KERNEL_SVC: creating session with uuid: 'dec25241-25d0-47bb-9489-2103d239bf64' and name 'Code Analyzer'
05/04/25 19:38:24: GUIDANCE_SMGR: creating guidance session with uuid: 'dec25241-25d0-47bb-9489-2103d239bf64' and name 'Code Analyzer'
05/04/25 19:38:26: SESSION_MGR: closing session for UUID 'dec25241-25d0-47bb-9489-2103d239bf64' with name ''
05/04/25 19:38:26: KERNEL_SVC: closing session for UUID 'dec25241-25d0-47bb-9489-2103d239bf64' with name ''
05/04/25 19:38:26: GUIDANCE_SMGR: closing session for UUID 'dec25241-25d0-47bb-9489-2103d239bf64' with name ''
05/04/25 19:38:26: STOP_SERVER received, server token: de028218-2940-11f0-81fc-8cb87eee7f77, passed token: de028218-2940-11f0-81fc-8cb87eee7f77
05/04/25 19:38:26: Socket received request to stop server.
05/04/25 19:38:26: Dispatch Server: do_await_stop
05/04/25 19:38:26: SERVER: destructor for server bound to port 51614
05/04/25 19:38:26: Server exiting with status 0.
05/04/25 19:38:26: Closing log file.
