Vivado Simulator v2024.2.0
Copyright 1986-2022 Xilinx, Inc. All Rights Reserved.
Copyright 2022-2024 Advanced Micro Devices, Inc. All Rights Reserved.
Running: C:/Xilinx/Vivado/2024.2/bin/unwrapped/win64.o/xelab.exe --incr --debug typical --relax --mt 2 -L xil_defaultlib -L secureip --snapshot processor_tb_behav xil_defaultlib.processor_tb -log elaborate.log 
Using 2 slave threads.
Starting static elaboration
Completed static elaboration
Starting simulation data flow analysis
Completed simulation data flow analysis
Time Resolution for simulation is 1ps
Compiling package std.standard
Compiling package std.textio
Compiling package ieee.std_logic_1164
Compiling package ieee.numeric_std
Compiling package ieee.std_logic_arith
Compiling package ieee.std_logic_unsigned
Compiling architecture rtl of entity xil_defaultlib.processor_main_memory_2_RAM_AUTO_1R1W [\processor_main_memory_2_RAM_AUT...]
Compiling architecture rtl of entity xil_defaultlib.processor_register_file_1_RAM_AUTO_1R1W [\processor_register_file_1_RAM_A...]
Compiling architecture behav of entity xil_defaultlib.processor [processor_default]
Compiling architecture bench of entity xil_defaultlib.processor_tb
Built simulation snapshot processor_tb_behav
