Finding Dependencies for C:\Users\Lenovo\Vivado\HLS5\Master_Project5_RTL\processor\hls\csim\code_analyzer\.internal\instrument\app_0\compile_commands.json
Finding Dependencies for C:\Users\Lenovo\Vivado\HLS5\Master_Project5_RTL\processor\hls\csim\code_analyzer\.internal\instrument\app_0\compile_commands.json
Finding Dependencies for C:\Users\Lenovo\Vivado\HLS5\Master_Project5_RTL\processor\hls\csim\code_analyzer\.internal\instrument\app_0\compile_commands.json
Finding Dependencies for C:\Users\Lenovo\Vivado\HLS5\Master_Project5_RTL\processor\hls\csim\code_analyzer\.internal\instrument\app_0\compile_commands.json
Finding Dependencies for C:\Users\Saroj\Vivado\HLS5\Master_Project5_RTL\processor\hls\csim\code_analyzer\.internal\instrument\app_0\compile_commands.json
Error while scanning dependencies for ../processor_hls.c:
error: error reading '../processor_hls.c'
Error while scanning dependencies for ../processor_hls.c:
error: error reading '../processor_hls.c'
Error while scanning dependencies for C:/Users/Lenovo/Vivado/HLS5/processor_tb.c:
error: no such file or directory: 'C:/Users/Lenovo/Vivado/HLS5/processor_tb.c'
error: no input files
error: unable to handle compilation, expected exactly one compiler job in ''
Finding Dependencies for C:\Users\Saroj\Vivado\HLS5\Master_Project5_RTL\processor\hls\csim\code_analyzer\.internal\instrument\app_1\compile_commands.json
Finding Dependencies for C:\Users\Saroj\Vivado\HLS5\Master_Project5_RTL\processor\hls\csim\code_analyzer\.internal\instrument\app_0\compile_commands.json
Finding Dependencies for C:\Users\Saroj\Vivado\HLS5\Master_Project5_RTL\processor\hls\csim\code_analyzer\.internal\instrument\app_1\compile_commands.json
Finding Dependencies for C:\Users\Saroj\Vivado\HLS5\Master_Project5_RTL\processor\hls\csim\code_analyzer\.internal\instrument\app_0\compile_commands.json
Finding Dependencies for C:\Users\Saroj\Vivado\HLS5\Master_Project5_RTL\processor\hls\csim\code_analyzer\.internal\instrument\app_1\compile_commands.json
Finding Dependencies for C:\Users\Saroj\Vivado\HLS5\Master_Project5_RTL\processor\hls\csim\code_analyzer\.internal\instrument\app_0\compile_commands.json
Finding Dependencies for C:\Users\Saroj\Vivado\HLS5\Master_Project5_RTL\processor\hls\csim\code_analyzer\.internal\instrument\app_1\compile_commands.json
Finding Dependencies for C:\Users\Saroj\Vivado\HLS5\Master_Project5_RTL\processor\hls\csim\code_analyzer\.internal\instrument\app_0\compile_commands.json
Finding Dependencies for C:\Users\Saroj\Vivado\HLS5\Master_Project5_RTL\processor\hls\csim\code_analyzer\.internal\instrument\app_1\compile_commands.json
Finding Dependencies for C:\Users\Saroj\Vivado\HLS5\Master_Project5_RTL\processor\hls\csim\code_analyzer\.internal\instrument\app_0\compile_commands.json
Finding Dependencies for C:\Users\Saroj\Vivado\HLS5\Master_Project5_RTL\processor\hls\csim\code_analyzer\.internal\instrument\app_1\compile_commands.json
Finding Dependencies for C:\Users\Saroj\Vivado\HLS5\Master_Project5_RTL\processor\hls\csim\code_analyzer\.internal\instrument\app_0\compile_commands.json
Finding Dependencies for C:\Users\Saroj\Vivado\HLS5\Master_Project5_RTL\processor\hls\csim\code_analyzer\.internal\instrument\app_1\compile_commands.json
Finding Dependencies for C:\Users\Saroj\Vivado\HLS5\Master_Project5_RTL\processor\hls\csim\code_analyzer\.internal\instrument\app_0\compile_commands.json
Finding Dependencies for C:\Users\Saroj\Vivado\HLS5\Master_Project5_RTL\processor\hls\csim\code_analyzer\.internal\instrument\app_1\compile_commands.json
Finding Dependencies for C:\Users\Saroj\Vivado\HLS5\Master_Project5_RTL\processor\hls\csim\code_analyzer\.internal\instrument\app_0\compile_commands.json
Finding Dependencies for C:\Users\Saroj\Vivado\HLS5\Master_Project5_RTL\processor\hls\csim\code_analyzer\.internal\instrument\app_1\compile_commands.json
Finding Dependencies for C:\Users\Saroj\Vivado\HLS5\Master_Project5_RTL\processor\hls\csim\code_analyzer\.internal\instrument\app_0\compile_commands.json
Finding Dependencies for C:\Users\Saroj\Vivado\HLS5\Master_Project5_RTL\processor\hls\csim\code_analyzer\.internal\instrument\app_1\compile_commands.json
